<?xml version="1.0" encoding="utf-8"?><testsuites><testsuite name="pytest" errors="0" failures="0" skipped="0" tests="5" time="0.062" timestamp="2021-08-02T18:50:45.791481" hostname="betelgeuse"><testcase classname="supernest.tests.test_exceptions.TestSupernestExceptions" name="test_bounds_transposed_is_caught" time="0.002" /><testcase classname="supernest.tests.test_exceptions.TestSupernestExceptions" name="test_incompatible_bounds" time="0.001" /><testcase classname="supernest.tests.test_exceptions.TestSupernestExceptions" name="test_lopsided_bounds" time="0.000" /><testcase classname="supernest.tests.test_exceptions.TestSupernestExceptions" name="test_mu_doesnt_match_cov" time="0.001" /><testcase classname="supernest.tests.test_typing.TestTyping" name="test_proposal_is_proper_return_type" time="0.001" /></testsuite></testsuites>